Added Member To Class: ClassName=digital led panel Member=Component C? 100nF
Added Member To Class: ClassName=digital led panel Member=Component C? 100nF
Added Member To Class: ClassName=digital led panel Member=Component C? 100nF
Added Member To Class: ClassName=digital led panel Member=Component C? 100nF
Added Member To Class: ClassName=digital led panel Member=Component C? 100nF
Added Member To Class: ClassName=digital led panel Member=Component C? 100nF
Added Member To Class: ClassName=digital led panel Member=Component C? 100nF
Added Member To Class: ClassName=digital led panel Member=Component C? 100nF
Added Member To Class: ClassName=digital led panel Member=Component C? 100nF
Added Member To Class: ClassName=digital led panel Member=Component C? 100nF
Added Member To Class: ClassName=digital led panel Member=Component C? 100uF
Added Member To Class: ClassName=digital led panel Member=Component C? 100nF
Added Member To Class: ClassName=digital led panel Member=Component C? 100nF
Added Member To Class: ClassName=digital led panel Member=Component C? 100nF
Added Member To Class: ClassName=digital led panel Member=Component C? 100nF
Added Member To Class: ClassName=digital led panel Member=Component C? 100nF
Added Member To Class: ClassName=digital led panel Member=Component C? 100nF
Added Member To Class: ClassName=digital led panel Member=Component C? 0.1uF
Added Member To Class: ClassName=digital led panel Member=Component C? 100nF
Added Member To Class: ClassName=digital led panel Member=Component C? 100nF
Added Member To Class: ClassName=digital led panel Member=Component C? 100nF
Added Member To Class: ClassName=digital led panel Member=Component C? 100nF
Added Member To Class: ClassName=digital led panel Member=Component FB? 15m
Added Member To Class: ClassName=digital led panel Member=Component J? 5001
Added Member To Class: ClassName=digital led panel Member=Component J? 5000
Added Member To Class: ClassName=digital led panel Member=Component R? 3.4K
Added Member To Class: ClassName=digital led panel Member=Component U? 1655
Added Member To Class: ClassName=digital led panel Member=Component U? 1655
Added Member To Class: ClassName=digital led panel Member=Component U? 1655
Added Member To Class: ClassName=digital led panel Member=Component U? 1655
Added Member To Class: ClassName=digital led panel Member=Component U? 1655
Added Member To Class: ClassName=digital led panel Member=Component U? 1655
Added Member To Class: ClassName=digital led panel Member=Component U? 1655
Added Member To Class: ClassName=digital led panel Member=Component U? 1655
Added Member To Class: ClassName=digital led panel Member=Component U? 1655
Added Member To Class: ClassName=digital led panel Member=Component U? 1655
Added Member To Class: ClassName=digital led panel Member=Component U? 1655
Added Member To Class: ClassName=digital led panel Member=Component U? 1655
Added Member To Class: ClassName=digital led panel Member=Component U? 1655
Added Member To Class: ClassName=digital led panel Member=Component U? 1655
Added Member To Class: ClassName=digital led panel Member=Component U? 1655
Added Member To Class: ClassName=digital led panel Member=Component U? 1655
Added Member To Class: ClassName=digital led panel Member=Component U? 1655
Added Member To Class: ClassName=digital led panel Member=Component U? 1655
Added Member To Class: ClassName=digital led panel Member=Component U? 1655
Added Member To Class: ClassName=digital led panel Member=Component U? 1655
