Added Component: Designator=C1(KEMT-1206-2_M)
Add component (AddParameter): Name = "Capacitance"; Value = "0.1µF"; VariantName = "[No Variations]"
Add component (AddParameter): Name = "Capacitance Tolerance"; Value = "±10%"; VariantName = "[No Variations]"
Add component (AddParameter): Name = "Capacitor Case Style"; Value = "1206[3216Metric]"; VariantName = "[No Variations]"
Add component (AddParameter): Name = "Datasheet URL"; Value = "https://datasheet.ciiva.com/6125/1725438-6125494.pdf"; VariantName = "[No Variations]"
Add component (AddParameter): Name = "Datasheet Version"; Value = "Jul-13"; VariantName = "[No Variations]"
Add component (AddParameter): Name = "Dielectric Characteristic"; Value = "X7R"; VariantName = "[No Variations]"
Add component (AddParameter): Name = "Manufacturer"; Value = "Kemet"; VariantName = "[No Variations]"
Add component (AddParameter): Name = "Manufacturer URL"; Value = "http://www.kemet.com/"; VariantName = "[No Variations]"
Add component (AddParameter): Name = "Operating Temperature Max"; Value = "125degC"; VariantName = "[No Variations]"
Add component (AddParameter): Name = "Operating Temperature Min"; Value = "-55degC"; VariantName = "[No Variations]"
Add component (AddParameter): Name = "Package Description"; Value = "2-Leads SMD, Body 3.2 x 1.6 mm"; VariantName = "[No Variations]"
Add component (AddParameter): Name = "Package Reference"; Value = "1206-2"; VariantName = "[No Variations]"
Add component (AddParameter): Name = "Packaging"; Value = "Tape&Reel"; VariantName = "[No Variations]"
Add component (AddParameter): Name = "Product Range"; Value = "KEMET-CSeries"; VariantName = "[No Variations]"
Add component (AddParameter): Name = "SVHC"; Value = "ToBeAdvised"; VariantName = "[No Variations]"
Add component (AddParameter): Name = "Voltage Rating"; Value = "50V"; VariantName = "[No Variations]"
Added Component: Designator=C2(KEMT-1206-2_M)
Add component (AddParameter): Name = "Capacitance"; Value = "0.1µF"; VariantName = "[No Variations]"
Add component (AddParameter): Name = "Capacitance Tolerance"; Value = "±10%"; VariantName = "[No Variations]"
Add component (AddParameter): Name = "Capacitor Case Style"; Value = "1206[3216Metric]"; VariantName = "[No Variations]"
Add component (AddParameter): Name = "Datasheet URL"; Value = "https://datasheet.ciiva.com/6125/1725438-6125494.pdf"; VariantName = "[No Variations]"
Add component (AddParameter): Name = "Datasheet Version"; Value = "Jul-13"; VariantName = "[No Variations]"
Add component (AddParameter): Name = "Dielectric Characteristic"; Value = "X7R"; VariantName = "[No Variations]"
Add component (AddParameter): Name = "Manufacturer"; Value = "Kemet"; VariantName = "[No Variations]"
Add component (AddParameter): Name = "Manufacturer URL"; Value = "http://www.kemet.com/"; VariantName = "[No Variations]"
Add component (AddParameter): Name = "Operating Temperature Max"; Value = "125degC"; VariantName = "[No Variations]"
Add component (AddParameter): Name = "Operating Temperature Min"; Value = "-55degC"; VariantName = "[No Variations]"
Add component (AddParameter): Name = "Package Description"; Value = "2-Leads SMD, Body 3.2 x 1.6 mm"; VariantName = "[No Variations]"
Add component (AddParameter): Name = "Package Reference"; Value = "1206-2"; VariantName = "[No Variations]"
Add component (AddParameter): Name = "Packaging"; Value = "Tape&Reel"; VariantName = "[No Variations]"
Add component (AddParameter): Name = "Product Range"; Value = "KEMET-CSeries"; VariantName = "[No Variations]"
Add component (AddParameter): Name = "SVHC"; Value = "ToBeAdvised"; VariantName = "[No Variations]"
Add component (AddParameter): Name = "Voltage Rating"; Value = "50V"; VariantName = "[No Variations]"
Added Component: Designator=C3(KEMT-1206-2_M)
Add component (AddParameter): Name = "Capacitance"; Value = "0.1µF"; VariantName = "[No Variations]"
Add component (AddParameter): Name = "Capacitance Tolerance"; Value = "±10%"; VariantName = "[No Variations]"
Add component (AddParameter): Name = "Capacitor Case Style"; Value = "1206[3216Metric]"; VariantName = "[No Variations]"
Add component (AddParameter): Name = "Datasheet URL"; Value = "https://datasheet.ciiva.com/6125/1725438-6125494.pdf"; VariantName = "[No Variations]"
Add component (AddParameter): Name = "Datasheet Version"; Value = "Jul-13"; VariantName = "[No Variations]"
Add component (AddParameter): Name = "Dielectric Characteristic"; Value = "X7R"; VariantName = "[No Variations]"
Add component (AddParameter): Name = "Manufacturer"; Value = "Kemet"; VariantName = "[No Variations]"
Add component (AddParameter): Name = "Manufacturer URL"; Value = "http://www.kemet.com/"; VariantName = "[No Variations]"
Add component (AddParameter): Name = "Operating Temperature Max"; Value = "125degC"; VariantName = "[No Variations]"
Add component (AddParameter): Name = "Operating Temperature Min"; Value = "-55degC"; VariantName = "[No Variations]"
Add component (AddParameter): Name = "Package Description"; Value = "2-Leads SMD, Body 3.2 x 1.6 mm"; VariantName = "[No Variations]"
Add component (AddParameter): Name = "Package Reference"; Value = "1206-2"; VariantName = "[No Variations]"
Add component (AddParameter): Name = "Packaging"; Value = "Tape&Reel"; VariantName = "[No Variations]"
Add component (AddParameter): Name = "Product Range"; Value = "KEMET-CSeries"; VariantName = "[No Variations]"
Add component (AddParameter): Name = "SVHC"; Value = "ToBeAdvised"; VariantName = "[No Variations]"
Add component (AddParameter): Name = "Voltage Rating"; Value = "50V"; VariantName = "[No Variations]"
Added Component: Designator=C4(KEMT-1206-2_M)
Add component (AddParameter): Name = "Capacitance"; Value = "0.1µF"; VariantName = "[No Variations]"
Add component (AddParameter): Name = "Capacitance Tolerance"; Value = "±10%"; VariantName = "[No Variations]"
Add component (AddParameter): Name = "Capacitor Case Style"; Value = "1206[3216Metric]"; VariantName = "[No Variations]"
Add component (AddParameter): Name = "Datasheet URL"; Value = "https://datasheet.ciiva.com/6125/1725438-6125494.pdf"; VariantName = "[No Variations]"
Add component (AddParameter): Name = "Datasheet Version"; Value = "Jul-13"; VariantName = "[No Variations]"
Add component (AddParameter): Name = "Dielectric Characteristic"; Value = "X7R"; VariantName = "[No Variations]"
Add component (AddParameter): Name = "Manufacturer"; Value = "Kemet"; VariantName = "[No Variations]"
Add component (AddParameter): Name = "Manufacturer URL"; Value = "http://www.kemet.com/"; VariantName = "[No Variations]"
Add component (AddParameter): Name = "Operating Temperature Max"; Value = "125degC"; VariantName = "[No Variations]"
Add component (AddParameter): Name = "Operating Temperature Min"; Value = "-55degC"; VariantName = "[No Variations]"
Add component (AddParameter): Name = "Package Description"; Value = "2-Leads SMD, Body 3.2 x 1.6 mm"; VariantName = "[No Variations]"
Add component (AddParameter): Name = "Package Reference"; Value = "1206-2"; VariantName = "[No Variations]"
Add component (AddParameter): Name = "Packaging"; Value = "Tape&Reel"; VariantName = "[No Variations]"
Add component (AddParameter): Name = "Product Range"; Value = "KEMET-CSeries"; VariantName = "[No Variations]"
Add component (AddParameter): Name = "SVHC"; Value = "ToBeAdvised"; VariantName = "[No Variations]"
Add component (AddParameter): Name = "Voltage Rating"; Value = "50V"; VariantName = "[No Variations]"
Added Component: Designator=C5(KEMT-1206-2_M)
Add component (AddParameter): Name = "Capacitance"; Value = "0.1µF"; VariantName = "[No Variations]"
Add component (AddParameter): Name = "Capacitance Tolerance"; Value = "±10%"; VariantName = "[No Variations]"
Add component (AddParameter): Name = "Capacitor Case Style"; Value = "1206[3216Metric]"; VariantName = "[No Variations]"
Add component (AddParameter): Name = "Datasheet URL"; Value = "https://datasheet.ciiva.com/6125/1725438-6125494.pdf"; VariantName = "[No Variations]"
Add component (AddParameter): Name = "Datasheet Version"; Value = "Jul-13"; VariantName = "[No Variations]"
Add component (AddParameter): Name = "Dielectric Characteristic"; Value = "X7R"; VariantName = "[No Variations]"
Add component (AddParameter): Name = "Manufacturer"; Value = "Kemet"; VariantName = "[No Variations]"
Add component (AddParameter): Name = "Manufacturer URL"; Value = "http://www.kemet.com/"; VariantName = "[No Variations]"
Add component (AddParameter): Name = "Operating Temperature Max"; Value = "125degC"; VariantName = "[No Variations]"
Add component (AddParameter): Name = "Operating Temperature Min"; Value = "-55degC"; VariantName = "[No Variations]"
Add component (AddParameter): Name = "Package Description"; Value = "2-Leads SMD, Body 3.2 x 1.6 mm"; VariantName = "[No Variations]"
Add component (AddParameter): Name = "Package Reference"; Value = "1206-2"; VariantName = "[No Variations]"
Add component (AddParameter): Name = "Packaging"; Value = "Tape&Reel"; VariantName = "[No Variations]"
Add component (AddParameter): Name = "Product Range"; Value = "KEMET-CSeries"; VariantName = "[No Variations]"
Add component (AddParameter): Name = "SVHC"; Value = "ToBeAdvised"; VariantName = "[No Variations]"
Add component (AddParameter): Name = "Voltage Rating"; Value = "50V"; VariantName = "[No Variations]"
Added Component: Designator=C6(KEMT-1206-2_M)
Add component (AddParameter): Name = "Capacitance"; Value = "0.1µF"; VariantName = "[No Variations]"
Add component (AddParameter): Name = "Capacitance Tolerance"; Value = "±10%"; VariantName = "[No Variations]"
Add component (AddParameter): Name = "Capacitor Case Style"; Value = "1206[3216Metric]"; VariantName = "[No Variations]"
Add component (AddParameter): Name = "Datasheet URL"; Value = "https://datasheet.ciiva.com/6125/1725438-6125494.pdf"; VariantName = "[No Variations]"
Add component (AddParameter): Name = "Datasheet Version"; Value = "Jul-13"; VariantName = "[No Variations]"
Add component (AddParameter): Name = "Dielectric Characteristic"; Value = "X7R"; VariantName = "[No Variations]"
Add component (AddParameter): Name = "Manufacturer"; Value = "Kemet"; VariantName = "[No Variations]"
Add component (AddParameter): Name = "Manufacturer URL"; Value = "http://www.kemet.com/"; VariantName = "[No Variations]"
Add component (AddParameter): Name = "Operating Temperature Max"; Value = "125degC"; VariantName = "[No Variations]"
Add component (AddParameter): Name = "Operating Temperature Min"; Value = "-55degC"; VariantName = "[No Variations]"
Add component (AddParameter): Name = "Package Description"; Value = "2-Leads SMD, Body 3.2 x 1.6 mm"; VariantName = "[No Variations]"
Add component (AddParameter): Name = "Package Reference"; Value = "1206-2"; VariantName = "[No Variations]"
Add component (AddParameter): Name = "Packaging"; Value = "Tape&Reel"; VariantName = "[No Variations]"
Add component (AddParameter): Name = "Product Range"; Value = "KEMET-CSeries"; VariantName = "[No Variations]"
Add component (AddParameter): Name = "SVHC"; Value = "ToBeAdvised"; VariantName = "[No Variations]"
Add component (AddParameter): Name = "Voltage Rating"; Value = "50V"; VariantName = "[No Variations]"
Added Component: Designator=C7(KEMT-1206-2_M)
Add component (AddParameter): Name = "Capacitance"; Value = "0.1µF"; VariantName = "[No Variations]"
Add component (AddParameter): Name = "Capacitance Tolerance"; Value = "±10%"; VariantName = "[No Variations]"
Add component (AddParameter): Name = "Capacitor Case Style"; Value = "1206[3216Metric]"; VariantName = "[No Variations]"
Add component (AddParameter): Name = "Datasheet URL"; Value = "https://datasheet.ciiva.com/6125/1725438-6125494.pdf"; VariantName = "[No Variations]"
Add component (AddParameter): Name = "Datasheet Version"; Value = "Jul-13"; VariantName = "[No Variations]"
Add component (AddParameter): Name = "Dielectric Characteristic"; Value = "X7R"; VariantName = "[No Variations]"
Add component (AddParameter): Name = "Manufacturer"; Value = "Kemet"; VariantName = "[No Variations]"
Add component (AddParameter): Name = "Manufacturer URL"; Value = "http://www.kemet.com/"; VariantName = "[No Variations]"
Add component (AddParameter): Name = "Operating Temperature Max"; Value = "125degC"; VariantName = "[No Variations]"
Add component (AddParameter): Name = "Operating Temperature Min"; Value = "-55degC"; VariantName = "[No Variations]"
Add component (AddParameter): Name = "Package Description"; Value = "2-Leads SMD, Body 3.2 x 1.6 mm"; VariantName = "[No Variations]"
Add component (AddParameter): Name = "Package Reference"; Value = "1206-2"; VariantName = "[No Variations]"
Add component (AddParameter): Name = "Packaging"; Value = "Tape&Reel"; VariantName = "[No Variations]"
Add component (AddParameter): Name = "Product Range"; Value = "KEMET-CSeries"; VariantName = "[No Variations]"
Add component (AddParameter): Name = "SVHC"; Value = "ToBeAdvised"; VariantName = "[No Variations]"
Add component (AddParameter): Name = "Voltage Rating"; Value = "50V"; VariantName = "[No Variations]"
Added Component: Designator=C8(KEMT-1206-2_M)
Add component (AddParameter): Name = "Capacitance"; Value = "0.1µF"; VariantName = "[No Variations]"
Add component (AddParameter): Name = "Capacitance Tolerance"; Value = "±10%"; VariantName = "[No Variations]"
Add component (AddParameter): Name = "Capacitor Case Style"; Value = "1206[3216Metric]"; VariantName = "[No Variations]"
Add component (AddParameter): Name = "Datasheet URL"; Value = "https://datasheet.ciiva.com/6125/1725438-6125494.pdf"; VariantName = "[No Variations]"
Add component (AddParameter): Name = "Datasheet Version"; Value = "Jul-13"; VariantName = "[No Variations]"
Add component (AddParameter): Name = "Dielectric Characteristic"; Value = "X7R"; VariantName = "[No Variations]"
Add component (AddParameter): Name = "Manufacturer"; Value = "Kemet"; VariantName = "[No Variations]"
Add component (AddParameter): Name = "Manufacturer URL"; Value = "http://www.kemet.com/"; VariantName = "[No Variations]"
Add component (AddParameter): Name = "Operating Temperature Max"; Value = "125degC"; VariantName = "[No Variations]"
Add component (AddParameter): Name = "Operating Temperature Min"; Value = "-55degC"; VariantName = "[No Variations]"
Add component (AddParameter): Name = "Package Description"; Value = "2-Leads SMD, Body 3.2 x 1.6 mm"; VariantName = "[No Variations]"
Add component (AddParameter): Name = "Package Reference"; Value = "1206-2"; VariantName = "[No Variations]"
Add component (AddParameter): Name = "Packaging"; Value = "Tape&Reel"; VariantName = "[No Variations]"
Add component (AddParameter): Name = "Product Range"; Value = "KEMET-CSeries"; VariantName = "[No Variations]"
Add component (AddParameter): Name = "SVHC"; Value = "ToBeAdvised"; VariantName = "[No Variations]"
Add component (AddParameter): Name = "Voltage Rating"; Value = "50V"; VariantName = "[No Variations]"
Added Component: Designator=C9(KEMT-1206-2_M)
Add component (AddParameter): Name = "Capacitance"; Value = "0.1µF"; VariantName = "[No Variations]"
Add component (AddParameter): Name = "Capacitance Tolerance"; Value = "±10%"; VariantName = "[No Variations]"
Add component (AddParameter): Name = "Capacitor Case Style"; Value = "1206[3216Metric]"; VariantName = "[No Variations]"
Add component (AddParameter): Name = "Datasheet URL"; Value = "https://datasheet.ciiva.com/6125/1725438-6125494.pdf"; VariantName = "[No Variations]"
Add component (AddParameter): Name = "Datasheet Version"; Value = "Jul-13"; VariantName = "[No Variations]"
Add component (AddParameter): Name = "Dielectric Characteristic"; Value = "X7R"; VariantName = "[No Variations]"
Add component (AddParameter): Name = "Manufacturer"; Value = "Kemet"; VariantName = "[No Variations]"
Add component (AddParameter): Name = "Manufacturer URL"; Value = "http://www.kemet.com/"; VariantName = "[No Variations]"
Add component (AddParameter): Name = "Operating Temperature Max"; Value = "125degC"; VariantName = "[No Variations]"
Add component (AddParameter): Name = "Operating Temperature Min"; Value = "-55degC"; VariantName = "[No Variations]"
Add component (AddParameter): Name = "Package Description"; Value = "2-Leads SMD, Body 3.2 x 1.6 mm"; VariantName = "[No Variations]"
Add component (AddParameter): Name = "Package Reference"; Value = "1206-2"; VariantName = "[No Variations]"
Add component (AddParameter): Name = "Packaging"; Value = "Tape&Reel"; VariantName = "[No Variations]"
Add component (AddParameter): Name = "Product Range"; Value = "KEMET-CSeries"; VariantName = "[No Variations]"
Add component (AddParameter): Name = "SVHC"; Value = "ToBeAdvised"; VariantName = "[No Variations]"
Add component (AddParameter): Name = "Voltage Rating"; Value = "50V"; VariantName = "[No Variations]"
Added Component: Designator=C10(KEMT-1206-2_M)
Add component (AddParameter): Name = "Capacitance"; Value = "0.1µF"; VariantName = "[No Variations]"
Add component (AddParameter): Name = "Capacitance Tolerance"; Value = "±10%"; VariantName = "[No Variations]"
Add component (AddParameter): Name = "Capacitor Case Style"; Value = "1206[3216Metric]"; VariantName = "[No Variations]"
Add component (AddParameter): Name = "Datasheet URL"; Value = "https://datasheet.ciiva.com/6125/1725438-6125494.pdf"; VariantName = "[No Variations]"
Add component (AddParameter): Name = "Datasheet Version"; Value = "Jul-13"; VariantName = "[No Variations]"
Add component (AddParameter): Name = "Dielectric Characteristic"; Value = "X7R"; VariantName = "[No Variations]"
Add component (AddParameter): Name = "Manufacturer"; Value = "Kemet"; VariantName = "[No Variations]"
Add component (AddParameter): Name = "Manufacturer URL"; Value = "http://www.kemet.com/"; VariantName = "[No Variations]"
Add component (AddParameter): Name = "Operating Temperature Max"; Value = "125degC"; VariantName = "[No Variations]"
Add component (AddParameter): Name = "Operating Temperature Min"; Value = "-55degC"; VariantName = "[No Variations]"
Add component (AddParameter): Name = "Package Description"; Value = "2-Leads SMD, Body 3.2 x 1.6 mm"; VariantName = "[No Variations]"
Add component (AddParameter): Name = "Package Reference"; Value = "1206-2"; VariantName = "[No Variations]"
Add component (AddParameter): Name = "Packaging"; Value = "Tape&Reel"; VariantName = "[No Variations]"
Add component (AddParameter): Name = "Product Range"; Value = "KEMET-CSeries"; VariantName = "[No Variations]"
Add component (AddParameter): Name = "SVHC"; Value = "ToBeAdvised"; VariantName = "[No Variations]"
Add component (AddParameter): Name = "Voltage Rating"; Value = "50V"; VariantName = "[No Variations]"
Added Component: Designator=C11(KEMT-1206-2_M)
Add component (AddParameter): Name = "Capacitance"; Value = "0.1µF"; VariantName = "[No Variations]"
Add component (AddParameter): Name = "Capacitance Tolerance"; Value = "±10%"; VariantName = "[No Variations]"
Add component (AddParameter): Name = "Capacitor Case Style"; Value = "1206[3216Metric]"; VariantName = "[No Variations]"
Add component (AddParameter): Name = "Datasheet URL"; Value = "https://datasheet.ciiva.com/6125/1725438-6125494.pdf"; VariantName = "[No Variations]"
Add component (AddParameter): Name = "Datasheet Version"; Value = "Jul-13"; VariantName = "[No Variations]"
Add component (AddParameter): Name = "Dielectric Characteristic"; Value = "X7R"; VariantName = "[No Variations]"
Add component (AddParameter): Name = "Manufacturer"; Value = "Kemet"; VariantName = "[No Variations]"
Add component (AddParameter): Name = "Manufacturer URL"; Value = "http://www.kemet.com/"; VariantName = "[No Variations]"
Add component (AddParameter): Name = "Operating Temperature Max"; Value = "125degC"; VariantName = "[No Variations]"
Add component (AddParameter): Name = "Operating Temperature Min"; Value = "-55degC"; VariantName = "[No Variations]"
Add component (AddParameter): Name = "Package Description"; Value = "2-Leads SMD, Body 3.2 x 1.6 mm"; VariantName = "[No Variations]"
Add component (AddParameter): Name = "Package Reference"; Value = "1206-2"; VariantName = "[No Variations]"
Add component (AddParameter): Name = "Packaging"; Value = "Tape&Reel"; VariantName = "[No Variations]"
Add component (AddParameter): Name = "Product Range"; Value = "KEMET-CSeries"; VariantName = "[No Variations]"
Add component (AddParameter): Name = "SVHC"; Value = "ToBeAdvised"; VariantName = "[No Variations]"
Add component (AddParameter): Name = "Voltage Rating"; Value = "50V"; VariantName = "[No Variations]"
Added Component: Designator=C12(KEMT-1206-2_M)
Add component (AddParameter): Name = "Capacitance"; Value = "0.1µF"; VariantName = "[No Variations]"
Add component (AddParameter): Name = "Capacitance Tolerance"; Value = "±10%"; VariantName = "[No Variations]"
Add component (AddParameter): Name = "Capacitor Case Style"; Value = "1206[3216Metric]"; VariantName = "[No Variations]"
Add component (AddParameter): Name = "Datasheet URL"; Value = "https://datasheet.ciiva.com/6125/1725438-6125494.pdf"; VariantName = "[No Variations]"
Add component (AddParameter): Name = "Datasheet Version"; Value = "Jul-13"; VariantName = "[No Variations]"
Add component (AddParameter): Name = "Dielectric Characteristic"; Value = "X7R"; VariantName = "[No Variations]"
Add component (AddParameter): Name = "Manufacturer"; Value = "Kemet"; VariantName = "[No Variations]"
Add component (AddParameter): Name = "Manufacturer URL"; Value = "http://www.kemet.com/"; VariantName = "[No Variations]"
Add component (AddParameter): Name = "Operating Temperature Max"; Value = "125degC"; VariantName = "[No Variations]"
Add component (AddParameter): Name = "Operating Temperature Min"; Value = "-55degC"; VariantName = "[No Variations]"
Add component (AddParameter): Name = "Package Description"; Value = "2-Leads SMD, Body 3.2 x 1.6 mm"; VariantName = "[No Variations]"
Add component (AddParameter): Name = "Package Reference"; Value = "1206-2"; VariantName = "[No Variations]"
Add component (AddParameter): Name = "Packaging"; Value = "Tape&Reel"; VariantName = "[No Variations]"
Add component (AddParameter): Name = "Product Range"; Value = "KEMET-CSeries"; VariantName = "[No Variations]"
Add component (AddParameter): Name = "SVHC"; Value = "ToBeAdvised"; VariantName = "[No Variations]"
Add component (AddParameter): Name = "Voltage Rating"; Value = "50V"; VariantName = "[No Variations]"
Added Component: Designator=C13(KEMT-1206-2_M)
Add component (AddParameter): Name = "Capacitance"; Value = "0.1µF"; VariantName = "[No Variations]"
Add component (AddParameter): Name = "Capacitance Tolerance"; Value = "±10%"; VariantName = "[No Variations]"
Add component (AddParameter): Name = "Capacitor Case Style"; Value = "1206[3216Metric]"; VariantName = "[No Variations]"
Add component (AddParameter): Name = "Datasheet URL"; Value = "https://datasheet.ciiva.com/6125/1725438-6125494.pdf"; VariantName = "[No Variations]"
Add component (AddParameter): Name = "Datasheet Version"; Value = "Jul-13"; VariantName = "[No Variations]"
Add component (AddParameter): Name = "Dielectric Characteristic"; Value = "X7R"; VariantName = "[No Variations]"
Add component (AddParameter): Name = "Manufacturer"; Value = "Kemet"; VariantName = "[No Variations]"
Add component (AddParameter): Name = "Manufacturer URL"; Value = "http://www.kemet.com/"; VariantName = "[No Variations]"
Add component (AddParameter): Name = "Operating Temperature Max"; Value = "125degC"; VariantName = "[No Variations]"
Add component (AddParameter): Name = "Operating Temperature Min"; Value = "-55degC"; VariantName = "[No Variations]"
Add component (AddParameter): Name = "Package Description"; Value = "2-Leads SMD, Body 3.2 x 1.6 mm"; VariantName = "[No Variations]"
Add component (AddParameter): Name = "Package Reference"; Value = "1206-2"; VariantName = "[No Variations]"
Add component (AddParameter): Name = "Packaging"; Value = "Tape&Reel"; VariantName = "[No Variations]"
Add component (AddParameter): Name = "Product Range"; Value = "KEMET-CSeries"; VariantName = "[No Variations]"
Add component (AddParameter): Name = "SVHC"; Value = "ToBeAdvised"; VariantName = "[No Variations]"
Add component (AddParameter): Name = "Voltage Rating"; Value = "50V"; VariantName = "[No Variations]"
Added Component: Designator=C14(KEMT-1206-2_M)
Add component (AddParameter): Name = "Capacitance"; Value = "0.1µF"; VariantName = "[No Variations]"
Add component (AddParameter): Name = "Capacitance Tolerance"; Value = "±10%"; VariantName = "[No Variations]"
Add component (AddParameter): Name = "Capacitor Case Style"; Value = "1206[3216Metric]"; VariantName = "[No Variations]"
Add component (AddParameter): Name = "Datasheet URL"; Value = "https://datasheet.ciiva.com/6125/1725438-6125494.pdf"; VariantName = "[No Variations]"
Add component (AddParameter): Name = "Datasheet Version"; Value = "Jul-13"; VariantName = "[No Variations]"
Add component (AddParameter): Name = "Dielectric Characteristic"; Value = "X7R"; VariantName = "[No Variations]"
Add component (AddParameter): Name = "Manufacturer"; Value = "Kemet"; VariantName = "[No Variations]"
Add component (AddParameter): Name = "Manufacturer URL"; Value = "http://www.kemet.com/"; VariantName = "[No Variations]"
Add component (AddParameter): Name = "Operating Temperature Max"; Value = "125degC"; VariantName = "[No Variations]"
Add component (AddParameter): Name = "Operating Temperature Min"; Value = "-55degC"; VariantName = "[No Variations]"
Add component (AddParameter): Name = "Package Description"; Value = "2-Leads SMD, Body 3.2 x 1.6 mm"; VariantName = "[No Variations]"
Add component (AddParameter): Name = "Package Reference"; Value = "1206-2"; VariantName = "[No Variations]"
Add component (AddParameter): Name = "Packaging"; Value = "Tape&Reel"; VariantName = "[No Variations]"
Add component (AddParameter): Name = "Product Range"; Value = "KEMET-CSeries"; VariantName = "[No Variations]"
Add component (AddParameter): Name = "SVHC"; Value = "ToBeAdvised"; VariantName = "[No Variations]"
Add component (AddParameter): Name = "Voltage Rating"; Value = "50V"; VariantName = "[No Variations]"
Added Component: Designator=C15(KEMT-1206-2_M)
Add component (AddParameter): Name = "Capacitance"; Value = "0.1µF"; VariantName = "[No Variations]"
Add component (AddParameter): Name = "Capacitance Tolerance"; Value = "±10%"; VariantName = "[No Variations]"
Add component (AddParameter): Name = "Capacitor Case Style"; Value = "1206[3216Metric]"; VariantName = "[No Variations]"
Add component (AddParameter): Name = "Datasheet URL"; Value = "https://datasheet.ciiva.com/6125/1725438-6125494.pdf"; VariantName = "[No Variations]"
Add component (AddParameter): Name = "Datasheet Version"; Value = "Jul-13"; VariantName = "[No Variations]"
Add component (AddParameter): Name = "Dielectric Characteristic"; Value = "X7R"; VariantName = "[No Variations]"
Add component (AddParameter): Name = "Manufacturer"; Value = "Kemet"; VariantName = "[No Variations]"
Add component (AddParameter): Name = "Manufacturer URL"; Value = "http://www.kemet.com/"; VariantName = "[No Variations]"
Add component (AddParameter): Name = "Operating Temperature Max"; Value = "125degC"; VariantName = "[No Variations]"
Add component (AddParameter): Name = "Operating Temperature Min"; Value = "-55degC"; VariantName = "[No Variations]"
Add component (AddParameter): Name = "Package Description"; Value = "2-Leads SMD, Body 3.2 x 1.6 mm"; VariantName = "[No Variations]"
Add component (AddParameter): Name = "Package Reference"; Value = "1206-2"; VariantName = "[No Variations]"
Add component (AddParameter): Name = "Packaging"; Value = "Tape&Reel"; VariantName = "[No Variations]"
Add component (AddParameter): Name = "Product Range"; Value = "KEMET-CSeries"; VariantName = "[No Variations]"
Add component (AddParameter): Name = "SVHC"; Value = "ToBeAdvised"; VariantName = "[No Variations]"
Add component (AddParameter): Name = "Voltage Rating"; Value = "50V"; VariantName = "[No Variations]"
Added Component: Designator=C16(KEMT-1206-2_M)
Add component (AddParameter): Name = "Capacitance"; Value = "0.1µF"; VariantName = "[No Variations]"
Add component (AddParameter): Name = "Capacitance Tolerance"; Value = "±10%"; VariantName = "[No Variations]"
Add component (AddParameter): Name = "Capacitor Case Style"; Value = "1206[3216Metric]"; VariantName = "[No Variations]"
Add component (AddParameter): Name = "Datasheet URL"; Value = "https://datasheet.ciiva.com/6125/1725438-6125494.pdf"; VariantName = "[No Variations]"
Add component (AddParameter): Name = "Datasheet Version"; Value = "Jul-13"; VariantName = "[No Variations]"
Add component (AddParameter): Name = "Dielectric Characteristic"; Value = "X7R"; VariantName = "[No Variations]"
Add component (AddParameter): Name = "Manufacturer"; Value = "Kemet"; VariantName = "[No Variations]"
Add component (AddParameter): Name = "Manufacturer URL"; Value = "http://www.kemet.com/"; VariantName = "[No Variations]"
Add component (AddParameter): Name = "Operating Temperature Max"; Value = "125degC"; VariantName = "[No Variations]"
Add component (AddParameter): Name = "Operating Temperature Min"; Value = "-55degC"; VariantName = "[No Variations]"
Add component (AddParameter): Name = "Package Description"; Value = "2-Leads SMD, Body 3.2 x 1.6 mm"; VariantName = "[No Variations]"
Add component (AddParameter): Name = "Package Reference"; Value = "1206-2"; VariantName = "[No Variations]"
Add component (AddParameter): Name = "Packaging"; Value = "Tape&Reel"; VariantName = "[No Variations]"
Add component (AddParameter): Name = "Product Range"; Value = "KEMET-CSeries"; VariantName = "[No Variations]"
Add component (AddParameter): Name = "SVHC"; Value = "ToBeAdvised"; VariantName = "[No Variations]"
Add component (AddParameter): Name = "Voltage Rating"; Value = "50V"; VariantName = "[No Variations]"
Added Component: Designator=C17(KEMT-1206-2_M)
Add component (AddParameter): Name = "Capacitance"; Value = "0.1µF"; VariantName = "[No Variations]"
Add component (AddParameter): Name = "Capacitance Tolerance"; Value = "±10%"; VariantName = "[No Variations]"
Add component (AddParameter): Name = "Capacitor Case Style"; Value = "1206[3216Metric]"; VariantName = "[No Variations]"
Add component (AddParameter): Name = "Datasheet URL"; Value = "https://datasheet.ciiva.com/6125/1725438-6125494.pdf"; VariantName = "[No Variations]"
Add component (AddParameter): Name = "Datasheet Version"; Value = "Jul-13"; VariantName = "[No Variations]"
Add component (AddParameter): Name = "Dielectric Characteristic"; Value = "X7R"; VariantName = "[No Variations]"
Add component (AddParameter): Name = "Manufacturer"; Value = "Kemet"; VariantName = "[No Variations]"
Add component (AddParameter): Name = "Manufacturer URL"; Value = "http://www.kemet.com/"; VariantName = "[No Variations]"
Add component (AddParameter): Name = "Operating Temperature Max"; Value = "125degC"; VariantName = "[No Variations]"
Add component (AddParameter): Name = "Operating Temperature Min"; Value = "-55degC"; VariantName = "[No Variations]"
Add component (AddParameter): Name = "Package Description"; Value = "2-Leads SMD, Body 3.2 x 1.6 mm"; VariantName = "[No Variations]"
Add component (AddParameter): Name = "Package Reference"; Value = "1206-2"; VariantName = "[No Variations]"
Add component (AddParameter): Name = "Packaging"; Value = "Tape&Reel"; VariantName = "[No Variations]"
Add component (AddParameter): Name = "Product Range"; Value = "KEMET-CSeries"; VariantName = "[No Variations]"
Add component (AddParameter): Name = "SVHC"; Value = "ToBeAdvised"; VariantName = "[No Variations]"
Add component (AddParameter): Name = "Voltage Rating"; Value = "50V"; VariantName = "[No Variations]"
Added Component: Designator=C18(KEMT-1206-2_M)
Add component (AddParameter): Name = "Capacitance"; Value = "0.1µF"; VariantName = "[No Variations]"
Add component (AddParameter): Name = "Capacitance Tolerance"; Value = "±10%"; VariantName = "[No Variations]"
Add component (AddParameter): Name = "Capacitor Case Style"; Value = "1206[3216Metric]"; VariantName = "[No Variations]"
Add component (AddParameter): Name = "Datasheet URL"; Value = "https://datasheet.ciiva.com/6125/1725438-6125494.pdf"; VariantName = "[No Variations]"
Add component (AddParameter): Name = "Datasheet Version"; Value = "Jul-13"; VariantName = "[No Variations]"
Add component (AddParameter): Name = "Dielectric Characteristic"; Value = "X7R"; VariantName = "[No Variations]"
Add component (AddParameter): Name = "Manufacturer"; Value = "Kemet"; VariantName = "[No Variations]"
Add component (AddParameter): Name = "Manufacturer URL"; Value = "http://www.kemet.com/"; VariantName = "[No Variations]"
Add component (AddParameter): Name = "Operating Temperature Max"; Value = "125degC"; VariantName = "[No Variations]"
Add component (AddParameter): Name = "Operating Temperature Min"; Value = "-55degC"; VariantName = "[No Variations]"
Add component (AddParameter): Name = "Package Description"; Value = "2-Leads SMD, Body 3.2 x 1.6 mm"; VariantName = "[No Variations]"
Add component (AddParameter): Name = "Package Reference"; Value = "1206-2"; VariantName = "[No Variations]"
Add component (AddParameter): Name = "Packaging"; Value = "Tape&Reel"; VariantName = "[No Variations]"
Add component (AddParameter): Name = "Product Range"; Value = "KEMET-CSeries"; VariantName = "[No Variations]"
Add component (AddParameter): Name = "SVHC"; Value = "ToBeAdvised"; VariantName = "[No Variations]"
Add component (AddParameter): Name = "Voltage Rating"; Value = "50V"; VariantName = "[No Variations]"
Added Component: Designator=C19(KEMT-1206-2_M)
Add component (AddParameter): Name = "Capacitance"; Value = "0.1µF"; VariantName = "[No Variations]"
Add component (AddParameter): Name = "Capacitance Tolerance"; Value = "±10%"; VariantName = "[No Variations]"
Add component (AddParameter): Name = "Capacitor Case Style"; Value = "1206[3216Metric]"; VariantName = "[No Variations]"
Add component (AddParameter): Name = "Datasheet URL"; Value = "https://datasheet.ciiva.com/6125/1725438-6125494.pdf"; VariantName = "[No Variations]"
Add component (AddParameter): Name = "Datasheet Version"; Value = "Jul-13"; VariantName = "[No Variations]"
Add component (AddParameter): Name = "Dielectric Characteristic"; Value = "X7R"; VariantName = "[No Variations]"
Add component (AddParameter): Name = "Manufacturer"; Value = "Kemet"; VariantName = "[No Variations]"
Add component (AddParameter): Name = "Manufacturer URL"; Value = "http://www.kemet.com/"; VariantName = "[No Variations]"
Add component (AddParameter): Name = "Operating Temperature Max"; Value = "125degC"; VariantName = "[No Variations]"
Add component (AddParameter): Name = "Operating Temperature Min"; Value = "-55degC"; VariantName = "[No Variations]"
Add component (AddParameter): Name = "Package Description"; Value = "2-Leads SMD, Body 3.2 x 1.6 mm"; VariantName = "[No Variations]"
Add component (AddParameter): Name = "Package Reference"; Value = "1206-2"; VariantName = "[No Variations]"
Add component (AddParameter): Name = "Packaging"; Value = "Tape&Reel"; VariantName = "[No Variations]"
Add component (AddParameter): Name = "Product Range"; Value = "KEMET-CSeries"; VariantName = "[No Variations]"
Add component (AddParameter): Name = "SVHC"; Value = "ToBeAdvised"; VariantName = "[No Variations]"
Add component (AddParameter): Name = "Voltage Rating"; Value = "50V"; VariantName = "[No Variations]"
Added Component: Designator=C20(KEMT-1206-2_M)
Add component (AddParameter): Name = "Capacitance"; Value = "0.1µF"; VariantName = "[No Variations]"
Add component (AddParameter): Name = "Capacitance Tolerance"; Value = "±10%"; VariantName = "[No Variations]"
Add component (AddParameter): Name = "Capacitor Case Style"; Value = "1206[3216Metric]"; VariantName = "[No Variations]"
Add component (AddParameter): Name = "Datasheet URL"; Value = "https://datasheet.ciiva.com/6125/1725438-6125494.pdf"; VariantName = "[No Variations]"
Add component (AddParameter): Name = "Datasheet Version"; Value = "Jul-13"; VariantName = "[No Variations]"
Add component (AddParameter): Name = "Dielectric Characteristic"; Value = "X7R"; VariantName = "[No Variations]"
Add component (AddParameter): Name = "Manufacturer"; Value = "Kemet"; VariantName = "[No Variations]"
Add component (AddParameter): Name = "Manufacturer URL"; Value = "http://www.kemet.com/"; VariantName = "[No Variations]"
Add component (AddParameter): Name = "Operating Temperature Max"; Value = "125degC"; VariantName = "[No Variations]"
Add component (AddParameter): Name = "Operating Temperature Min"; Value = "-55degC"; VariantName = "[No Variations]"
Add component (AddParameter): Name = "Package Description"; Value = "2-Leads SMD, Body 3.2 x 1.6 mm"; VariantName = "[No Variations]"
Add component (AddParameter): Name = "Package Reference"; Value = "1206-2"; VariantName = "[No Variations]"
Add component (AddParameter): Name = "Packaging"; Value = "Tape&Reel"; VariantName = "[No Variations]"
Add component (AddParameter): Name = "Product Range"; Value = "KEMET-CSeries"; VariantName = "[No Variations]"
Add component (AddParameter): Name = "SVHC"; Value = "ToBeAdvised"; VariantName = "[No Variations]"
Add component (AddParameter): Name = "Voltage Rating"; Value = "50V"; VariantName = "[No Variations]"
Added Component: Designator=P1(SMTC-TSW-104-08-X-S)
Add component (AddParameter): Name = "ComponentLink1Description"; Value = "Manufacturer URL"; VariantName = "[No Variations]"
Add component (AddParameter): Name = "ComponentLink1URL"; Value = "http://www.samtec.com"; VariantName = "[No Variations]"
Add component (AddParameter): Name = "ComponentLink2Description"; Value = "Datasheet"; VariantName = "[No Variations]"
Add component (AddParameter): Name = "ComponentLink2URL"; Value = "http://www.samtec.com/documents/webfiles/pdf/TSW_TH.PDF"; VariantName = "[No Variations]"
Add component (AddParameter): Name = "ComponentLink3Description"; Value = "Package Specification"; VariantName = "[No Variations]"
Add component (AddParameter): Name = "ComponentLink3URL"; Value = "http://www.samtec.com/documents/webfiles/cpdf/TSW-XXX-XX-XXX-X-XX-XXX-MKT.pdf"; VariantName = "[No Variations]"
Add component (AddParameter): Name = "DatasheetVersion"; Value = "F-214"; VariantName = "[No Variations]"
Add component (AddParameter): Name = "Manufacturer"; Value = "Samtec"; VariantName = "[No Variations]"
Add component (AddParameter): Name = "Mounting Technology"; Value = "Through-hole"; VariantName = "[No Variations]"
Add component (AddParameter): Name = "Orientation"; Value = "Vertical"; VariantName = "[No Variations]"
Add component (AddParameter): Name = "PackageDescription"; Value = ".025[0.64] SQ. Post Terminal Strip Assembly"; VariantName = "[No Variations]"
Add component (AddParameter): Name = "PackageReference"; Value = "TSW-104-08-X-S"; VariantName = "[No Variations]"
Add component (AddParameter): Name = "PackageVersion"; Value = "DM, 8/1988"; VariantName = "[No Variations]"
Add component (AddParameter): Name = "PartNumber"; Value = "TSW-104-08-G-S"; VariantName = "[No Variations]"
Add component (AddParameter): Name = "Pitch"; Value = "2.54 mm"; VariantName = "[No Variations]"
Add component (AddParameter): Name = "RoHS"; Value = "True"; VariantName = "[No Variations]"
Add component (AddParameter): Name = "Temperature Range"; Value = "-55 to 125 degC"; VariantName = "[No Variations]"
Added Component: Designator=U1(ADA-RGB-1655_V)
Add component (AddParameter): Name = "Category"; Value = "Optoelectronics"; VariantName = "[No Variations]"
Add component (AddParameter): Name = "Color"; Value = "Red,Green,Blue(RGB)"; VariantName = "[No Variations]"
Add component (AddParameter): Name = "Configuration"; Value = "Discrete"; VariantName = "[No Variations]"
Add component (AddParameter): Name = "Controller Type"; Value = "-"; VariantName = "[No Variations]"
Add component (AddParameter): Name = "Datasheet URL"; Value = "http://datasheet.octopart.com/ADA1655-Adafruit-Industries-datasheet-32028139.pdf"; VariantName = "[No Variations]"
Add component (AddParameter): Name = "Datasheet Version"; Value = "May-13"; VariantName = "[No Variations]"
Add component (AddParameter): Name = "Family"; Value = "Addressable,Specialty"; VariantName = "[No Variations]"
Add component (AddParameter): Name = "Interface"; Value = "-"; VariantName = "[No Variations]"
Add component (AddParameter): Name = "Manufacturer"; Value = "Adafruit-Industries-LLC"; VariantName = "[No Variations]"
Add component (AddParameter): Name = "Manufacturer URL"; Value = "https://www.adafruit.com/"; VariantName = "[No Variations]"
Add component (AddParameter): Name = "Mounting Type"; Value = "SurfaceMount"; VariantName = "[No Variations]"
Add component (AddParameter): Name = "Number of LEDs"; Value = "10"; VariantName = "[No Variations]"
Add component (AddParameter): Name = "Package Description"; Value = "4-Pin Surface Mount Device, Body 5 x 5 mm"; VariantName = "[No Variations]"
Add component (AddParameter): Name = "Package Reference"; Value = "1655"; VariantName = "[No Variations]"
Add component (AddParameter): Name = "Series"; Value = "Neopixel"; VariantName = "[No Variations]"
Add component (AddParameter): Name = "Size / Dimension"; Value = "5.00mmLx5.00mmW"; VariantName = "[No Variations]"
Add component (AddParameter): Name = "Utilized LED"; Value = "WS2812(5050)"; VariantName = "[No Variations]"
Added Component: Designator=U2(ADA-RGB-1655_V)
Add component (AddParameter): Name = "Category"; Value = "Optoelectronics"; VariantName = "[No Variations]"
Add component (AddParameter): Name = "Color"; Value = "Red,Green,Blue(RGB)"; VariantName = "[No Variations]"
Add component (AddParameter): Name = "Configuration"; Value = "Discrete"; VariantName = "[No Variations]"
Add component (AddParameter): Name = "Controller Type"; Value = "-"; VariantName = "[No Variations]"
Add component (AddParameter): Name = "Datasheet URL"; Value = "http://datasheet.octopart.com/ADA1655-Adafruit-Industries-datasheet-32028139.pdf"; VariantName = "[No Variations]"
Add component (AddParameter): Name = "Datasheet Version"; Value = "May-13"; VariantName = "[No Variations]"
Add component (AddParameter): Name = "Family"; Value = "Addressable,Specialty"; VariantName = "[No Variations]"
Add component (AddParameter): Name = "Interface"; Value = "-"; VariantName = "[No Variations]"
Add component (AddParameter): Name = "Manufacturer"; Value = "Adafruit-Industries-LLC"; VariantName = "[No Variations]"
Add component (AddParameter): Name = "Manufacturer URL"; Value = "https://www.adafruit.com/"; VariantName = "[No Variations]"
Add component (AddParameter): Name = "Mounting Type"; Value = "SurfaceMount"; VariantName = "[No Variations]"
Add component (AddParameter): Name = "Number of LEDs"; Value = "10"; VariantName = "[No Variations]"
Add component (AddParameter): Name = "Package Description"; Value = "4-Pin Surface Mount Device, Body 5 x 5 mm"; VariantName = "[No Variations]"
Add component (AddParameter): Name = "Package Reference"; Value = "1655"; VariantName = "[No Variations]"
Add component (AddParameter): Name = "Series"; Value = "Neopixel"; VariantName = "[No Variations]"
Add component (AddParameter): Name = "Size / Dimension"; Value = "5.00mmLx5.00mmW"; VariantName = "[No Variations]"
Add component (AddParameter): Name = "Utilized LED"; Value = "WS2812(5050)"; VariantName = "[No Variations]"
Added Component: Designator=U3(ADA-RGB-1655_V)
Add component (AddParameter): Name = "Category"; Value = "Optoelectronics"; VariantName = "[No Variations]"
Add component (AddParameter): Name = "Color"; Value = "Red,Green,Blue(RGB)"; VariantName = "[No Variations]"
Add component (AddParameter): Name = "Configuration"; Value = "Discrete"; VariantName = "[No Variations]"
Add component (AddParameter): Name = "Controller Type"; Value = "-"; VariantName = "[No Variations]"
Add component (AddParameter): Name = "Datasheet URL"; Value = "http://datasheet.octopart.com/ADA1655-Adafruit-Industries-datasheet-32028139.pdf"; VariantName = "[No Variations]"
Add component (AddParameter): Name = "Datasheet Version"; Value = "May-13"; VariantName = "[No Variations]"
Add component (AddParameter): Name = "Family"; Value = "Addressable,Specialty"; VariantName = "[No Variations]"
Add component (AddParameter): Name = "Interface"; Value = "-"; VariantName = "[No Variations]"
Add component (AddParameter): Name = "Manufacturer"; Value = "Adafruit-Industries-LLC"; VariantName = "[No Variations]"
Add component (AddParameter): Name = "Manufacturer URL"; Value = "https://www.adafruit.com/"; VariantName = "[No Variations]"
Add component (AddParameter): Name = "Mounting Type"; Value = "SurfaceMount"; VariantName = "[No Variations]"
Add component (AddParameter): Name = "Number of LEDs"; Value = "10"; VariantName = "[No Variations]"
Add component (AddParameter): Name = "Package Description"; Value = "4-Pin Surface Mount Device, Body 5 x 5 mm"; VariantName = "[No Variations]"
Add component (AddParameter): Name = "Package Reference"; Value = "1655"; VariantName = "[No Variations]"
Add component (AddParameter): Name = "Series"; Value = "Neopixel"; VariantName = "[No Variations]"
Add component (AddParameter): Name = "Size / Dimension"; Value = "5.00mmLx5.00mmW"; VariantName = "[No Variations]"
Add component (AddParameter): Name = "Utilized LED"; Value = "WS2812(5050)"; VariantName = "[No Variations]"
Added Component: Designator=U4(ADA-RGB-1655_V)
Add component (AddParameter): Name = "Category"; Value = "Optoelectronics"; VariantName = "[No Variations]"
Add component (AddParameter): Name = "Color"; Value = "Red,Green,Blue(RGB)"; VariantName = "[No Variations]"
Add component (AddParameter): Name = "Configuration"; Value = "Discrete"; VariantName = "[No Variations]"
Add component (AddParameter): Name = "Controller Type"; Value = "-"; VariantName = "[No Variations]"
Add component (AddParameter): Name = "Datasheet URL"; Value = "http://datasheet.octopart.com/ADA1655-Adafruit-Industries-datasheet-32028139.pdf"; VariantName = "[No Variations]"
Add component (AddParameter): Name = "Datasheet Version"; Value = "May-13"; VariantName = "[No Variations]"
Add component (AddParameter): Name = "Family"; Value = "Addressable,Specialty"; VariantName = "[No Variations]"
Add component (AddParameter): Name = "Interface"; Value = "-"; VariantName = "[No Variations]"
Add component (AddParameter): Name = "Manufacturer"; Value = "Adafruit-Industries-LLC"; VariantName = "[No Variations]"
Add component (AddParameter): Name = "Manufacturer URL"; Value = "https://www.adafruit.com/"; VariantName = "[No Variations]"
Add component (AddParameter): Name = "Mounting Type"; Value = "SurfaceMount"; VariantName = "[No Variations]"
Add component (AddParameter): Name = "Number of LEDs"; Value = "10"; VariantName = "[No Variations]"
Add component (AddParameter): Name = "Package Description"; Value = "4-Pin Surface Mount Device, Body 5 x 5 mm"; VariantName = "[No Variations]"
Add component (AddParameter): Name = "Package Reference"; Value = "1655"; VariantName = "[No Variations]"
Add component (AddParameter): Name = "Series"; Value = "Neopixel"; VariantName = "[No Variations]"
Add component (AddParameter): Name = "Size / Dimension"; Value = "5.00mmLx5.00mmW"; VariantName = "[No Variations]"
Add component (AddParameter): Name = "Utilized LED"; Value = "WS2812(5050)"; VariantName = "[No Variations]"
Added Component: Designator=U5(ADA-RGB-1655_V)
Add component (AddParameter): Name = "Category"; Value = "Optoelectronics"; VariantName = "[No Variations]"
Add component (AddParameter): Name = "Color"; Value = "Red,Green,Blue(RGB)"; VariantName = "[No Variations]"
Add component (AddParameter): Name = "Configuration"; Value = "Discrete"; VariantName = "[No Variations]"
Add component (AddParameter): Name = "Controller Type"; Value = "-"; VariantName = "[No Variations]"
Add component (AddParameter): Name = "Datasheet URL"; Value = "http://datasheet.octopart.com/ADA1655-Adafruit-Industries-datasheet-32028139.pdf"; VariantName = "[No Variations]"
Add component (AddParameter): Name = "Datasheet Version"; Value = "May-13"; VariantName = "[No Variations]"
Add component (AddParameter): Name = "Family"; Value = "Addressable,Specialty"; VariantName = "[No Variations]"
Add component (AddParameter): Name = "Interface"; Value = "-"; VariantName = "[No Variations]"
Add component (AddParameter): Name = "Manufacturer"; Value = "Adafruit-Industries-LLC"; VariantName = "[No Variations]"
Add component (AddParameter): Name = "Manufacturer URL"; Value = "https://www.adafruit.com/"; VariantName = "[No Variations]"
Add component (AddParameter): Name = "Mounting Type"; Value = "SurfaceMount"; VariantName = "[No Variations]"
Add component (AddParameter): Name = "Number of LEDs"; Value = "10"; VariantName = "[No Variations]"
Add component (AddParameter): Name = "Package Description"; Value = "4-Pin Surface Mount Device, Body 5 x 5 mm"; VariantName = "[No Variations]"
Add component (AddParameter): Name = "Package Reference"; Value = "1655"; VariantName = "[No Variations]"
Add component (AddParameter): Name = "Series"; Value = "Neopixel"; VariantName = "[No Variations]"
Add component (AddParameter): Name = "Size / Dimension"; Value = "5.00mmLx5.00mmW"; VariantName = "[No Variations]"
Add component (AddParameter): Name = "Utilized LED"; Value = "WS2812(5050)"; VariantName = "[No Variations]"
Added Component: Designator=U6(ADA-RGB-1655_V)
Add component (AddParameter): Name = "Category"; Value = "Optoelectronics"; VariantName = "[No Variations]"
Add component (AddParameter): Name = "Color"; Value = "Red,Green,Blue(RGB)"; VariantName = "[No Variations]"
Add component (AddParameter): Name = "Configuration"; Value = "Discrete"; VariantName = "[No Variations]"
Add component (AddParameter): Name = "Controller Type"; Value = "-"; VariantName = "[No Variations]"
Add component (AddParameter): Name = "Datasheet URL"; Value = "http://datasheet.octopart.com/ADA1655-Adafruit-Industries-datasheet-32028139.pdf"; VariantName = "[No Variations]"
Add component (AddParameter): Name = "Datasheet Version"; Value = "May-13"; VariantName = "[No Variations]"
Add component (AddParameter): Name = "Family"; Value = "Addressable,Specialty"; VariantName = "[No Variations]"
Add component (AddParameter): Name = "Interface"; Value = "-"; VariantName = "[No Variations]"
Add component (AddParameter): Name = "Manufacturer"; Value = "Adafruit-Industries-LLC"; VariantName = "[No Variations]"
Add component (AddParameter): Name = "Manufacturer URL"; Value = "https://www.adafruit.com/"; VariantName = "[No Variations]"
Add component (AddParameter): Name = "Mounting Type"; Value = "SurfaceMount"; VariantName = "[No Variations]"
Add component (AddParameter): Name = "Number of LEDs"; Value = "10"; VariantName = "[No Variations]"
Add component (AddParameter): Name = "Package Description"; Value = "4-Pin Surface Mount Device, Body 5 x 5 mm"; VariantName = "[No Variations]"
Add component (AddParameter): Name = "Package Reference"; Value = "1655"; VariantName = "[No Variations]"
Add component (AddParameter): Name = "Series"; Value = "Neopixel"; VariantName = "[No Variations]"
Add component (AddParameter): Name = "Size / Dimension"; Value = "5.00mmLx5.00mmW"; VariantName = "[No Variations]"
Add component (AddParameter): Name = "Utilized LED"; Value = "WS2812(5050)"; VariantName = "[No Variations]"
Added Component: Designator=U7(ADA-RGB-1655_V)
Add component (AddParameter): Name = "Category"; Value = "Optoelectronics"; VariantName = "[No Variations]"
Add component (AddParameter): Name = "Color"; Value = "Red,Green,Blue(RGB)"; VariantName = "[No Variations]"
Add component (AddParameter): Name = "Configuration"; Value = "Discrete"; VariantName = "[No Variations]"
Add component (AddParameter): Name = "Controller Type"; Value = "-"; VariantName = "[No Variations]"
Add component (AddParameter): Name = "Datasheet URL"; Value = "http://datasheet.octopart.com/ADA1655-Adafruit-Industries-datasheet-32028139.pdf"; VariantName = "[No Variations]"
Add component (AddParameter): Name = "Datasheet Version"; Value = "May-13"; VariantName = "[No Variations]"
Add component (AddParameter): Name = "Family"; Value = "Addressable,Specialty"; VariantName = "[No Variations]"
Add component (AddParameter): Name = "Interface"; Value = "-"; VariantName = "[No Variations]"
Add component (AddParameter): Name = "Manufacturer"; Value = "Adafruit-Industries-LLC"; VariantName = "[No Variations]"
Add component (AddParameter): Name = "Manufacturer URL"; Value = "https://www.adafruit.com/"; VariantName = "[No Variations]"
Add component (AddParameter): Name = "Mounting Type"; Value = "SurfaceMount"; VariantName = "[No Variations]"
Add component (AddParameter): Name = "Number of LEDs"; Value = "10"; VariantName = "[No Variations]"
Add component (AddParameter): Name = "Package Description"; Value = "4-Pin Surface Mount Device, Body 5 x 5 mm"; VariantName = "[No Variations]"
Add component (AddParameter): Name = "Package Reference"; Value = "1655"; VariantName = "[No Variations]"
Add component (AddParameter): Name = "Series"; Value = "Neopixel"; VariantName = "[No Variations]"
Add component (AddParameter): Name = "Size / Dimension"; Value = "5.00mmLx5.00mmW"; VariantName = "[No Variations]"
Add component (AddParameter): Name = "Utilized LED"; Value = "WS2812(5050)"; VariantName = "[No Variations]"
Added Component: Designator=U8(ADA-RGB-1655_V)
Add component (AddParameter): Name = "Category"; Value = "Optoelectronics"; VariantName = "[No Variations]"
Add component (AddParameter): Name = "Color"; Value = "Red,Green,Blue(RGB)"; VariantName = "[No Variations]"
Add component (AddParameter): Name = "Configuration"; Value = "Discrete"; VariantName = "[No Variations]"
Add component (AddParameter): Name = "Controller Type"; Value = "-"; VariantName = "[No Variations]"
Add component (AddParameter): Name = "Datasheet URL"; Value = "http://datasheet.octopart.com/ADA1655-Adafruit-Industries-datasheet-32028139.pdf"; VariantName = "[No Variations]"
Add component (AddParameter): Name = "Datasheet Version"; Value = "May-13"; VariantName = "[No Variations]"
Add component (AddParameter): Name = "Family"; Value = "Addressable,Specialty"; VariantName = "[No Variations]"
Add component (AddParameter): Name = "Interface"; Value = "-"; VariantName = "[No Variations]"
Add component (AddParameter): Name = "Manufacturer"; Value = "Adafruit-Industries-LLC"; VariantName = "[No Variations]"
Add component (AddParameter): Name = "Manufacturer URL"; Value = "https://www.adafruit.com/"; VariantName = "[No Variations]"
Add component (AddParameter): Name = "Mounting Type"; Value = "SurfaceMount"; VariantName = "[No Variations]"
Add component (AddParameter): Name = "Number of LEDs"; Value = "10"; VariantName = "[No Variations]"
Add component (AddParameter): Name = "Package Description"; Value = "4-Pin Surface Mount Device, Body 5 x 5 mm"; VariantName = "[No Variations]"
Add component (AddParameter): Name = "Package Reference"; Value = "1655"; VariantName = "[No Variations]"
Add component (AddParameter): Name = "Series"; Value = "Neopixel"; VariantName = "[No Variations]"
Add component (AddParameter): Name = "Size / Dimension"; Value = "5.00mmLx5.00mmW"; VariantName = "[No Variations]"
Add component (AddParameter): Name = "Utilized LED"; Value = "WS2812(5050)"; VariantName = "[No Variations]"
Added Component: Designator=U9(ADA-RGB-1655_V)
Add component (AddParameter): Name = "Category"; Value = "Optoelectronics"; VariantName = "[No Variations]"
Add component (AddParameter): Name = "Color"; Value = "Red,Green,Blue(RGB)"; VariantName = "[No Variations]"
Add component (AddParameter): Name = "Configuration"; Value = "Discrete"; VariantName = "[No Variations]"
Add component (AddParameter): Name = "Controller Type"; Value = "-"; VariantName = "[No Variations]"
Add component (AddParameter): Name = "Datasheet URL"; Value = "http://datasheet.octopart.com/ADA1655-Adafruit-Industries-datasheet-32028139.pdf"; VariantName = "[No Variations]"
Add component (AddParameter): Name = "Datasheet Version"; Value = "May-13"; VariantName = "[No Variations]"
Add component (AddParameter): Name = "Family"; Value = "Addressable,Specialty"; VariantName = "[No Variations]"
Add component (AddParameter): Name = "Interface"; Value = "-"; VariantName = "[No Variations]"
Add component (AddParameter): Name = "Manufacturer"; Value = "Adafruit-Industries-LLC"; VariantName = "[No Variations]"
Add component (AddParameter): Name = "Manufacturer URL"; Value = "https://www.adafruit.com/"; VariantName = "[No Variations]"
Add component (AddParameter): Name = "Mounting Type"; Value = "SurfaceMount"; VariantName = "[No Variations]"
Add component (AddParameter): Name = "Number of LEDs"; Value = "10"; VariantName = "[No Variations]"
Add component (AddParameter): Name = "Package Description"; Value = "4-Pin Surface Mount Device, Body 5 x 5 mm"; VariantName = "[No Variations]"
Add component (AddParameter): Name = "Package Reference"; Value = "1655"; VariantName = "[No Variations]"
Add component (AddParameter): Name = "Series"; Value = "Neopixel"; VariantName = "[No Variations]"
Add component (AddParameter): Name = "Size / Dimension"; Value = "5.00mmLx5.00mmW"; VariantName = "[No Variations]"
Add component (AddParameter): Name = "Utilized LED"; Value = "WS2812(5050)"; VariantName = "[No Variations]"
Added Component: Designator=U10(ADA-RGB-1655_V)
Add component (AddParameter): Name = "Category"; Value = "Optoelectronics"; VariantName = "[No Variations]"
Add component (AddParameter): Name = "Color"; Value = "Red,Green,Blue(RGB)"; VariantName = "[No Variations]"
Add component (AddParameter): Name = "Configuration"; Value = "Discrete"; VariantName = "[No Variations]"
Add component (AddParameter): Name = "Controller Type"; Value = "-"; VariantName = "[No Variations]"
Add component (AddParameter): Name = "Datasheet URL"; Value = "http://datasheet.octopart.com/ADA1655-Adafruit-Industries-datasheet-32028139.pdf"; VariantName = "[No Variations]"
Add component (AddParameter): Name = "Datasheet Version"; Value = "May-13"; VariantName = "[No Variations]"
Add component (AddParameter): Name = "Family"; Value = "Addressable,Specialty"; VariantName = "[No Variations]"
Add component (AddParameter): Name = "Interface"; Value = "-"; VariantName = "[No Variations]"
Add component (AddParameter): Name = "Manufacturer"; Value = "Adafruit-Industries-LLC"; VariantName = "[No Variations]"
Add component (AddParameter): Name = "Manufacturer URL"; Value = "https://www.adafruit.com/"; VariantName = "[No Variations]"
Add component (AddParameter): Name = "Mounting Type"; Value = "SurfaceMount"; VariantName = "[No Variations]"
Add component (AddParameter): Name = "Number of LEDs"; Value = "10"; VariantName = "[No Variations]"
Add component (AddParameter): Name = "Package Description"; Value = "4-Pin Surface Mount Device, Body 5 x 5 mm"; VariantName = "[No Variations]"
Add component (AddParameter): Name = "Package Reference"; Value = "1655"; VariantName = "[No Variations]"
Add component (AddParameter): Name = "Series"; Value = "Neopixel"; VariantName = "[No Variations]"
Add component (AddParameter): Name = "Size / Dimension"; Value = "5.00mmLx5.00mmW"; VariantName = "[No Variations]"
Add component (AddParameter): Name = "Utilized LED"; Value = "WS2812(5050)"; VariantName = "[No Variations]"
Added Component: Designator=U11(ADA-RGB-1655_V)
Add component (AddParameter): Name = "Category"; Value = "Optoelectronics"; VariantName = "[No Variations]"
Add component (AddParameter): Name = "Color"; Value = "Red,Green,Blue(RGB)"; VariantName = "[No Variations]"
Add component (AddParameter): Name = "Configuration"; Value = "Discrete"; VariantName = "[No Variations]"
Add component (AddParameter): Name = "Controller Type"; Value = "-"; VariantName = "[No Variations]"
Add component (AddParameter): Name = "Datasheet URL"; Value = "http://datasheet.octopart.com/ADA1655-Adafruit-Industries-datasheet-32028139.pdf"; VariantName = "[No Variations]"
Add component (AddParameter): Name = "Datasheet Version"; Value = "May-13"; VariantName = "[No Variations]"
Add component (AddParameter): Name = "Family"; Value = "Addressable,Specialty"; VariantName = "[No Variations]"
Add component (AddParameter): Name = "Interface"; Value = "-"; VariantName = "[No Variations]"
Add component (AddParameter): Name = "Manufacturer"; Value = "Adafruit-Industries-LLC"; VariantName = "[No Variations]"
Add component (AddParameter): Name = "Manufacturer URL"; Value = "https://www.adafruit.com/"; VariantName = "[No Variations]"
Add component (AddParameter): Name = "Mounting Type"; Value = "SurfaceMount"; VariantName = "[No Variations]"
Add component (AddParameter): Name = "Number of LEDs"; Value = "10"; VariantName = "[No Variations]"
Add component (AddParameter): Name = "Package Description"; Value = "4-Pin Surface Mount Device, Body 5 x 5 mm"; VariantName = "[No Variations]"
Add component (AddParameter): Name = "Package Reference"; Value = "1655"; VariantName = "[No Variations]"
Add component (AddParameter): Name = "Series"; Value = "Neopixel"; VariantName = "[No Variations]"
Add component (AddParameter): Name = "Size / Dimension"; Value = "5.00mmLx5.00mmW"; VariantName = "[No Variations]"
Add component (AddParameter): Name = "Utilized LED"; Value = "WS2812(5050)"; VariantName = "[No Variations]"
Added Component: Designator=U12(ADA-RGB-1655_V)
Add component (AddParameter): Name = "Category"; Value = "Optoelectronics"; VariantName = "[No Variations]"
Add component (AddParameter): Name = "Color"; Value = "Red,Green,Blue(RGB)"; VariantName = "[No Variations]"
Add component (AddParameter): Name = "Configuration"; Value = "Discrete"; VariantName = "[No Variations]"
Add component (AddParameter): Name = "Controller Type"; Value = "-"; VariantName = "[No Variations]"
Add component (AddParameter): Name = "Datasheet URL"; Value = "http://datasheet.octopart.com/ADA1655-Adafruit-Industries-datasheet-32028139.pdf"; VariantName = "[No Variations]"
Add component (AddParameter): Name = "Datasheet Version"; Value = "May-13"; VariantName = "[No Variations]"
Add component (AddParameter): Name = "Family"; Value = "Addressable,Specialty"; VariantName = "[No Variations]"
Add component (AddParameter): Name = "Interface"; Value = "-"; VariantName = "[No Variations]"
Add component (AddParameter): Name = "Manufacturer"; Value = "Adafruit-Industries-LLC"; VariantName = "[No Variations]"
Add component (AddParameter): Name = "Manufacturer URL"; Value = "https://www.adafruit.com/"; VariantName = "[No Variations]"
Add component (AddParameter): Name = "Mounting Type"; Value = "SurfaceMount"; VariantName = "[No Variations]"
Add component (AddParameter): Name = "Number of LEDs"; Value = "10"; VariantName = "[No Variations]"
Add component (AddParameter): Name = "Package Description"; Value = "4-Pin Surface Mount Device, Body 5 x 5 mm"; VariantName = "[No Variations]"
Add component (AddParameter): Name = "Package Reference"; Value = "1655"; VariantName = "[No Variations]"
Add component (AddParameter): Name = "Series"; Value = "Neopixel"; VariantName = "[No Variations]"
Add component (AddParameter): Name = "Size / Dimension"; Value = "5.00mmLx5.00mmW"; VariantName = "[No Variations]"
Add component (AddParameter): Name = "Utilized LED"; Value = "WS2812(5050)"; VariantName = "[No Variations]"
Added Component: Designator=U13(ADA-RGB-1655_V)
Add component (AddParameter): Name = "Category"; Value = "Optoelectronics"; VariantName = "[No Variations]"
Add component (AddParameter): Name = "Color"; Value = "Red,Green,Blue(RGB)"; VariantName = "[No Variations]"
Add component (AddParameter): Name = "Configuration"; Value = "Discrete"; VariantName = "[No Variations]"
Add component (AddParameter): Name = "Controller Type"; Value = "-"; VariantName = "[No Variations]"
Add component (AddParameter): Name = "Datasheet URL"; Value = "http://datasheet.octopart.com/ADA1655-Adafruit-Industries-datasheet-32028139.pdf"; VariantName = "[No Variations]"
Add component (AddParameter): Name = "Datasheet Version"; Value = "May-13"; VariantName = "[No Variations]"
Add component (AddParameter): Name = "Family"; Value = "Addressable,Specialty"; VariantName = "[No Variations]"
Add component (AddParameter): Name = "Interface"; Value = "-"; VariantName = "[No Variations]"
Add component (AddParameter): Name = "Manufacturer"; Value = "Adafruit-Industries-LLC"; VariantName = "[No Variations]"
Add component (AddParameter): Name = "Manufacturer URL"; Value = "https://www.adafruit.com/"; VariantName = "[No Variations]"
Add component (AddParameter): Name = "Mounting Type"; Value = "SurfaceMount"; VariantName = "[No Variations]"
Add component (AddParameter): Name = "Number of LEDs"; Value = "10"; VariantName = "[No Variations]"
Add component (AddParameter): Name = "Package Description"; Value = "4-Pin Surface Mount Device, Body 5 x 5 mm"; VariantName = "[No Variations]"
Add component (AddParameter): Name = "Package Reference"; Value = "1655"; VariantName = "[No Variations]"
Add component (AddParameter): Name = "Series"; Value = "Neopixel"; VariantName = "[No Variations]"
Add component (AddParameter): Name = "Size / Dimension"; Value = "5.00mmLx5.00mmW"; VariantName = "[No Variations]"
Add component (AddParameter): Name = "Utilized LED"; Value = "WS2812(5050)"; VariantName = "[No Variations]"
Added Component: Designator=U14(ADA-RGB-1655_V)
Add component (AddParameter): Name = "Category"; Value = "Optoelectronics"; VariantName = "[No Variations]"
Add component (AddParameter): Name = "Color"; Value = "Red,Green,Blue(RGB)"; VariantName = "[No Variations]"
Add component (AddParameter): Name = "Configuration"; Value = "Discrete"; VariantName = "[No Variations]"
Add component (AddParameter): Name = "Controller Type"; Value = "-"; VariantName = "[No Variations]"
Add component (AddParameter): Name = "Datasheet URL"; Value = "http://datasheet.octopart.com/ADA1655-Adafruit-Industries-datasheet-32028139.pdf"; VariantName = "[No Variations]"
Add component (AddParameter): Name = "Datasheet Version"; Value = "May-13"; VariantName = "[No Variations]"
Add component (AddParameter): Name = "Family"; Value = "Addressable,Specialty"; VariantName = "[No Variations]"
Add component (AddParameter): Name = "Interface"; Value = "-"; VariantName = "[No Variations]"
Add component (AddParameter): Name = "Manufacturer"; Value = "Adafruit-Industries-LLC"; VariantName = "[No Variations]"
Add component (AddParameter): Name = "Manufacturer URL"; Value = "https://www.adafruit.com/"; VariantName = "[No Variations]"
Add component (AddParameter): Name = "Mounting Type"; Value = "SurfaceMount"; VariantName = "[No Variations]"
Add component (AddParameter): Name = "Number of LEDs"; Value = "10"; VariantName = "[No Variations]"
Add component (AddParameter): Name = "Package Description"; Value = "4-Pin Surface Mount Device, Body 5 x 5 mm"; VariantName = "[No Variations]"
Add component (AddParameter): Name = "Package Reference"; Value = "1655"; VariantName = "[No Variations]"
Add component (AddParameter): Name = "Series"; Value = "Neopixel"; VariantName = "[No Variations]"
Add component (AddParameter): Name = "Size / Dimension"; Value = "5.00mmLx5.00mmW"; VariantName = "[No Variations]"
Add component (AddParameter): Name = "Utilized LED"; Value = "WS2812(5050)"; VariantName = "[No Variations]"
Added Component: Designator=U15(ADA-RGB-1655_V)
Add component (AddParameter): Name = "Category"; Value = "Optoelectronics"; VariantName = "[No Variations]"
Add component (AddParameter): Name = "Color"; Value = "Red,Green,Blue(RGB)"; VariantName = "[No Variations]"
Add component (AddParameter): Name = "Configuration"; Value = "Discrete"; VariantName = "[No Variations]"
Add component (AddParameter): Name = "Controller Type"; Value = "-"; VariantName = "[No Variations]"
Add component (AddParameter): Name = "Datasheet URL"; Value = "http://datasheet.octopart.com/ADA1655-Adafruit-Industries-datasheet-32028139.pdf"; VariantName = "[No Variations]"
Add component (AddParameter): Name = "Datasheet Version"; Value = "May-13"; VariantName = "[No Variations]"
Add component (AddParameter): Name = "Family"; Value = "Addressable,Specialty"; VariantName = "[No Variations]"
Add component (AddParameter): Name = "Interface"; Value = "-"; VariantName = "[No Variations]"
Add component (AddParameter): Name = "Manufacturer"; Value = "Adafruit-Industries-LLC"; VariantName = "[No Variations]"
Add component (AddParameter): Name = "Manufacturer URL"; Value = "https://www.adafruit.com/"; VariantName = "[No Variations]"
Add component (AddParameter): Name = "Mounting Type"; Value = "SurfaceMount"; VariantName = "[No Variations]"
Add component (AddParameter): Name = "Number of LEDs"; Value = "10"; VariantName = "[No Variations]"
Add component (AddParameter): Name = "Package Description"; Value = "4-Pin Surface Mount Device, Body 5 x 5 mm"; VariantName = "[No Variations]"
Add component (AddParameter): Name = "Package Reference"; Value = "1655"; VariantName = "[No Variations]"
Add component (AddParameter): Name = "Series"; Value = "Neopixel"; VariantName = "[No Variations]"
Add component (AddParameter): Name = "Size / Dimension"; Value = "5.00mmLx5.00mmW"; VariantName = "[No Variations]"
Add component (AddParameter): Name = "Utilized LED"; Value = "WS2812(5050)"; VariantName = "[No Variations]"
Added Component: Designator=U16(ADA-RGB-1655_V)
Add component (AddParameter): Name = "Category"; Value = "Optoelectronics"; VariantName = "[No Variations]"
Add component (AddParameter): Name = "Color"; Value = "Red,Green,Blue(RGB)"; VariantName = "[No Variations]"
Add component (AddParameter): Name = "Configuration"; Value = "Discrete"; VariantName = "[No Variations]"
Add component (AddParameter): Name = "Controller Type"; Value = "-"; VariantName = "[No Variations]"
Add component (AddParameter): Name = "Datasheet URL"; Value = "http://datasheet.octopart.com/ADA1655-Adafruit-Industries-datasheet-32028139.pdf"; VariantName = "[No Variations]"
Add component (AddParameter): Name = "Datasheet Version"; Value = "May-13"; VariantName = "[No Variations]"
Add component (AddParameter): Name = "Family"; Value = "Addressable,Specialty"; VariantName = "[No Variations]"
Add component (AddParameter): Name = "Interface"; Value = "-"; VariantName = "[No Variations]"
Add component (AddParameter): Name = "Manufacturer"; Value = "Adafruit-Industries-LLC"; VariantName = "[No Variations]"
Add component (AddParameter): Name = "Manufacturer URL"; Value = "https://www.adafruit.com/"; VariantName = "[No Variations]"
Add component (AddParameter): Name = "Mounting Type"; Value = "SurfaceMount"; VariantName = "[No Variations]"
Add component (AddParameter): Name = "Number of LEDs"; Value = "10"; VariantName = "[No Variations]"
Add component (AddParameter): Name = "Package Description"; Value = "4-Pin Surface Mount Device, Body 5 x 5 mm"; VariantName = "[No Variations]"
Add component (AddParameter): Name = "Package Reference"; Value = "1655"; VariantName = "[No Variations]"
Add component (AddParameter): Name = "Series"; Value = "Neopixel"; VariantName = "[No Variations]"
Add component (AddParameter): Name = "Size / Dimension"; Value = "5.00mmLx5.00mmW"; VariantName = "[No Variations]"
Add component (AddParameter): Name = "Utilized LED"; Value = "WS2812(5050)"; VariantName = "[No Variations]"
Added Component: Designator=U17(ADA-RGB-1655_V)
Add component (AddParameter): Name = "Category"; Value = "Optoelectronics"; VariantName = "[No Variations]"
Add component (AddParameter): Name = "Color"; Value = "Red,Green,Blue(RGB)"; VariantName = "[No Variations]"
Add component (AddParameter): Name = "Configuration"; Value = "Discrete"; VariantName = "[No Variations]"
Add component (AddParameter): Name = "Controller Type"; Value = "-"; VariantName = "[No Variations]"
Add component (AddParameter): Name = "Datasheet URL"; Value = "http://datasheet.octopart.com/ADA1655-Adafruit-Industries-datasheet-32028139.pdf"; VariantName = "[No Variations]"
Add component (AddParameter): Name = "Datasheet Version"; Value = "May-13"; VariantName = "[No Variations]"
Add component (AddParameter): Name = "Family"; Value = "Addressable,Specialty"; VariantName = "[No Variations]"
Add component (AddParameter): Name = "Interface"; Value = "-"; VariantName = "[No Variations]"
Add component (AddParameter): Name = "Manufacturer"; Value = "Adafruit-Industries-LLC"; VariantName = "[No Variations]"
Add component (AddParameter): Name = "Manufacturer URL"; Value = "https://www.adafruit.com/"; VariantName = "[No Variations]"
Add component (AddParameter): Name = "Mounting Type"; Value = "SurfaceMount"; VariantName = "[No Variations]"
Add component (AddParameter): Name = "Number of LEDs"; Value = "10"; VariantName = "[No Variations]"
Add component (AddParameter): Name = "Package Description"; Value = "4-Pin Surface Mount Device, Body 5 x 5 mm"; VariantName = "[No Variations]"
Add component (AddParameter): Name = "Package Reference"; Value = "1655"; VariantName = "[No Variations]"
Add component (AddParameter): Name = "Series"; Value = "Neopixel"; VariantName = "[No Variations]"
Add component (AddParameter): Name = "Size / Dimension"; Value = "5.00mmLx5.00mmW"; VariantName = "[No Variations]"
Add component (AddParameter): Name = "Utilized LED"; Value = "WS2812(5050)"; VariantName = "[No Variations]"
Added Component: Designator=U18(ADA-RGB-1655_V)
Add component (AddParameter): Name = "Category"; Value = "Optoelectronics"; VariantName = "[No Variations]"
Add component (AddParameter): Name = "Color"; Value = "Red,Green,Blue(RGB)"; VariantName = "[No Variations]"
Add component (AddParameter): Name = "Configuration"; Value = "Discrete"; VariantName = "[No Variations]"
Add component (AddParameter): Name = "Controller Type"; Value = "-"; VariantName = "[No Variations]"
Add component (AddParameter): Name = "Datasheet URL"; Value = "http://datasheet.octopart.com/ADA1655-Adafruit-Industries-datasheet-32028139.pdf"; VariantName = "[No Variations]"
Add component (AddParameter): Name = "Datasheet Version"; Value = "May-13"; VariantName = "[No Variations]"
Add component (AddParameter): Name = "Family"; Value = "Addressable,Specialty"; VariantName = "[No Variations]"
Add component (AddParameter): Name = "Interface"; Value = "-"; VariantName = "[No Variations]"
Add component (AddParameter): Name = "Manufacturer"; Value = "Adafruit-Industries-LLC"; VariantName = "[No Variations]"
Add component (AddParameter): Name = "Manufacturer URL"; Value = "https://www.adafruit.com/"; VariantName = "[No Variations]"
Add component (AddParameter): Name = "Mounting Type"; Value = "SurfaceMount"; VariantName = "[No Variations]"
Add component (AddParameter): Name = "Number of LEDs"; Value = "10"; VariantName = "[No Variations]"
Add component (AddParameter): Name = "Package Description"; Value = "4-Pin Surface Mount Device, Body 5 x 5 mm"; VariantName = "[No Variations]"
Add component (AddParameter): Name = "Package Reference"; Value = "1655"; VariantName = "[No Variations]"
Add component (AddParameter): Name = "Series"; Value = "Neopixel"; VariantName = "[No Variations]"
Add component (AddParameter): Name = "Size / Dimension"; Value = "5.00mmLx5.00mmW"; VariantName = "[No Variations]"
Add component (AddParameter): Name = "Utilized LED"; Value = "WS2812(5050)"; VariantName = "[No Variations]"
Added Component: Designator=U19(ADA-RGB-1655_V)
Add component (AddParameter): Name = "Category"; Value = "Optoelectronics"; VariantName = "[No Variations]"
Add component (AddParameter): Name = "Color"; Value = "Red,Green,Blue(RGB)"; VariantName = "[No Variations]"
Add component (AddParameter): Name = "Configuration"; Value = "Discrete"; VariantName = "[No Variations]"
Add component (AddParameter): Name = "Controller Type"; Value = "-"; VariantName = "[No Variations]"
Add component (AddParameter): Name = "Datasheet URL"; Value = "http://datasheet.octopart.com/ADA1655-Adafruit-Industries-datasheet-32028139.pdf"; VariantName = "[No Variations]"
Add component (AddParameter): Name = "Datasheet Version"; Value = "May-13"; VariantName = "[No Variations]"
Add component (AddParameter): Name = "Family"; Value = "Addressable,Specialty"; VariantName = "[No Variations]"
Add component (AddParameter): Name = "Interface"; Value = "-"; VariantName = "[No Variations]"
Add component (AddParameter): Name = "Manufacturer"; Value = "Adafruit-Industries-LLC"; VariantName = "[No Variations]"
Add component (AddParameter): Name = "Manufacturer URL"; Value = "https://www.adafruit.com/"; VariantName = "[No Variations]"
Add component (AddParameter): Name = "Mounting Type"; Value = "SurfaceMount"; VariantName = "[No Variations]"
Add component (AddParameter): Name = "Number of LEDs"; Value = "10"; VariantName = "[No Variations]"
Add component (AddParameter): Name = "Package Description"; Value = "4-Pin Surface Mount Device, Body 5 x 5 mm"; VariantName = "[No Variations]"
Add component (AddParameter): Name = "Package Reference"; Value = "1655"; VariantName = "[No Variations]"
Add component (AddParameter): Name = "Series"; Value = "Neopixel"; VariantName = "[No Variations]"
Add component (AddParameter): Name = "Size / Dimension"; Value = "5.00mmLx5.00mmW"; VariantName = "[No Variations]"
Add component (AddParameter): Name = "Utilized LED"; Value = "WS2812(5050)"; VariantName = "[No Variations]"
Added Component: Designator=U20(ADA-RGB-1655_V)
Add component (AddParameter): Name = "Category"; Value = "Optoelectronics"; VariantName = "[No Variations]"
Add component (AddParameter): Name = "Color"; Value = "Red,Green,Blue(RGB)"; VariantName = "[No Variations]"
Add component (AddParameter): Name = "Configuration"; Value = "Discrete"; VariantName = "[No Variations]"
Add component (AddParameter): Name = "Controller Type"; Value = "-"; VariantName = "[No Variations]"
Add component (AddParameter): Name = "Datasheet URL"; Value = "http://datasheet.octopart.com/ADA1655-Adafruit-Industries-datasheet-32028139.pdf"; VariantName = "[No Variations]"
Add component (AddParameter): Name = "Datasheet Version"; Value = "May-13"; VariantName = "[No Variations]"
Add component (AddParameter): Name = "Family"; Value = "Addressable,Specialty"; VariantName = "[No Variations]"
Add component (AddParameter): Name = "Interface"; Value = "-"; VariantName = "[No Variations]"
Add component (AddParameter): Name = "Manufacturer"; Value = "Adafruit-Industries-LLC"; VariantName = "[No Variations]"
Add component (AddParameter): Name = "Manufacturer URL"; Value = "https://www.adafruit.com/"; VariantName = "[No Variations]"
Add component (AddParameter): Name = "Mounting Type"; Value = "SurfaceMount"; VariantName = "[No Variations]"
Add component (AddParameter): Name = "Number of LEDs"; Value = "10"; VariantName = "[No Variations]"
Add component (AddParameter): Name = "Package Description"; Value = "4-Pin Surface Mount Device, Body 5 x 5 mm"; VariantName = "[No Variations]"
Add component (AddParameter): Name = "Package Reference"; Value = "1655"; VariantName = "[No Variations]"
Add component (AddParameter): Name = "Series"; Value = "Neopixel"; VariantName = "[No Variations]"
Add component (AddParameter): Name = "Size / Dimension"; Value = "5.00mmLx5.00mmW"; VariantName = "[No Variations]"
Add component (AddParameter): Name = "Utilized LED"; Value = "WS2812(5050)"; VariantName = "[No Variations]"
Added Pin To Net: NetName=5V Pin=C1-2
Added Pin To Net: NetName=5V Pin=C2-2
Added Pin To Net: NetName=5V Pin=C3-2
Added Pin To Net: NetName=5V Pin=C4-2
Added Pin To Net: NetName=5V Pin=C5-2
Added Pin To Net: NetName=5V Pin=C6-2
Added Pin To Net: NetName=5V Pin=C7-2
Added Pin To Net: NetName=5V Pin=C8-2
Added Pin To Net: NetName=5V Pin=C9-2
Added Pin To Net: NetName=5V Pin=C10-2
Added Pin To Net: NetName=5V Pin=C11-2
Added Pin To Net: NetName=5V Pin=C12-2
Added Pin To Net: NetName=5V Pin=C13-2
Added Pin To Net: NetName=5V Pin=C14-2
Added Pin To Net: NetName=5V Pin=C15-2
Added Pin To Net: NetName=5V Pin=C16-2
Added Pin To Net: NetName=5V Pin=C17-2
Added Pin To Net: NetName=5V Pin=C18-2
Added Pin To Net: NetName=5V Pin=C19-2
Added Pin To Net: NetName=5V Pin=C20-2
Added Pin To Net: NetName=5V Pin=P1-1
Added Pin To Net: NetName=5V Pin=U1-1
Added Pin To Net: NetName=5V Pin=U2-1
Added Pin To Net: NetName=5V Pin=U3-1
Added Pin To Net: NetName=5V Pin=U4-1
Added Pin To Net: NetName=5V Pin=U5-1
Added Pin To Net: NetName=5V Pin=U6-1
Added Pin To Net: NetName=5V Pin=U7-1
Added Pin To Net: NetName=5V Pin=U8-1
Added Pin To Net: NetName=5V Pin=U9-1
Added Pin To Net: NetName=5V Pin=U10-1
Added Pin To Net: NetName=5V Pin=U11-1
Added Pin To Net: NetName=5V Pin=U12-1
Added Pin To Net: NetName=5V Pin=U13-1
Added Pin To Net: NetName=5V Pin=U14-1
Added Pin To Net: NetName=5V Pin=U15-1
Added Pin To Net: NetName=5V Pin=U16-1
Added Pin To Net: NetName=5V Pin=U17-1
Added Pin To Net: NetName=5V Pin=U18-1
Added Pin To Net: NetName=5V Pin=U19-1
Added Pin To Net: NetName=5V Pin=U20-1
Added Net: Name=5V
Added Pin To Net: NetName=DIN Pin=P1-2
Added Pin To Net: NetName=DIN Pin=U1-4
Added Net: Name=DIN
Added Pin To Net: NetName=GND Pin=C1-1
Added Pin To Net: NetName=GND Pin=C2-1
Added Pin To Net: NetName=GND Pin=C3-1
Added Pin To Net: NetName=GND Pin=C4-1
Added Pin To Net: NetName=GND Pin=C5-1
Added Pin To Net: NetName=GND Pin=C6-1
Added Pin To Net: NetName=GND Pin=C7-1
Added Pin To Net: NetName=GND Pin=C8-1
Added Pin To Net: NetName=GND Pin=C9-1
Added Pin To Net: NetName=GND Pin=C10-1
Added Pin To Net: NetName=GND Pin=C11-1
Added Pin To Net: NetName=GND Pin=C12-1
Added Pin To Net: NetName=GND Pin=C13-1
Added Pin To Net: NetName=GND Pin=C14-1
Added Pin To Net: NetName=GND Pin=C15-1
Added Pin To Net: NetName=GND Pin=C16-1
Added Pin To Net: NetName=GND Pin=C17-1
Added Pin To Net: NetName=GND Pin=C18-1
Added Pin To Net: NetName=GND Pin=C19-1
Added Pin To Net: NetName=GND Pin=C20-1
Added Pin To Net: NetName=GND Pin=U1-3
Added Pin To Net: NetName=GND Pin=U2-3
Added Pin To Net: NetName=GND Pin=U3-3
Added Pin To Net: NetName=GND Pin=U4-3
Added Pin To Net: NetName=GND Pin=U5-3
Added Pin To Net: NetName=GND Pin=U6-3
Added Pin To Net: NetName=GND Pin=U7-3
Added Pin To Net: NetName=GND Pin=U8-3
Added Pin To Net: NetName=GND Pin=U9-3
Added Pin To Net: NetName=GND Pin=U10-3
Added Pin To Net: NetName=GND Pin=U11-3
Added Pin To Net: NetName=GND Pin=U12-3
Added Pin To Net: NetName=GND Pin=U13-3
Added Pin To Net: NetName=GND Pin=U14-3
Added Pin To Net: NetName=GND Pin=U15-3
Added Pin To Net: NetName=GND Pin=U16-3
Added Pin To Net: NetName=GND Pin=U17-3
Added Pin To Net: NetName=GND Pin=U18-3
Added Pin To Net: NetName=GND Pin=U19-3
Added Pin To Net: NetName=GND Pin=U20-3
Added Net: Name=GND
Added Pin To Net: NetName=NetU1_2 Pin=U1-2
Added Pin To Net: NetName=NetU1_2 Pin=U2-4
Added Net: Name=NetU1_2
Added Pin To Net: NetName=NetU2_2 Pin=U2-2
Added Pin To Net: NetName=NetU2_2 Pin=U3-4
Added Net: Name=NetU2_2
Added Pin To Net: NetName=NetU3_2 Pin=U3-2
Added Pin To Net: NetName=NetU3_2 Pin=U4-4
Added Net: Name=NetU3_2
Added Pin To Net: NetName=NetU4_2 Pin=U4-2
Added Pin To Net: NetName=NetU4_2 Pin=U5-4
Added Net: Name=NetU4_2
Added Pin To Net: NetName=NetU5_2 Pin=U5-2
Added Pin To Net: NetName=NetU5_2 Pin=U6-4
Added Net: Name=NetU5_2
Added Pin To Net: NetName=NetU6_2 Pin=U6-2
Added Pin To Net: NetName=NetU6_2 Pin=U7-4
Added Net: Name=NetU6_2
Added Pin To Net: NetName=NetU7_2 Pin=U7-2
Added Pin To Net: NetName=NetU7_2 Pin=U8-4
Added Net: Name=NetU7_2
Added Pin To Net: NetName=NetU8_2 Pin=U8-2
Added Pin To Net: NetName=NetU8_2 Pin=U9-4
Added Net: Name=NetU8_2
Added Pin To Net: NetName=NetU9_2 Pin=U9-2
Added Pin To Net: NetName=NetU9_2 Pin=U10-4
Added Net: Name=NetU9_2
Added Pin To Net: NetName=NetU10_2 Pin=U10-2
Added Pin To Net: NetName=NetU10_2 Pin=U11-4
Added Net: Name=NetU10_2
Added Pin To Net: NetName=NetU11_2 Pin=U11-2
Added Pin To Net: NetName=NetU11_2 Pin=U12-4
Added Net: Name=NetU11_2
Added Pin To Net: NetName=NetU12_2 Pin=U12-2
Added Pin To Net: NetName=NetU12_2 Pin=U13-4
Added Net: Name=NetU12_2
Added Pin To Net: NetName=NetU13_2 Pin=U13-2
Added Pin To Net: NetName=NetU13_2 Pin=U14-4
Added Net: Name=NetU13_2
Added Pin To Net: NetName=NetU14_2 Pin=U14-2
Added Pin To Net: NetName=NetU14_2 Pin=U15-4
Added Net: Name=NetU14_2
Added Pin To Net: NetName=NetU15_2 Pin=U15-2
Added Pin To Net: NetName=NetU15_2 Pin=U16-4
Added Net: Name=NetU15_2
Added Pin To Net: NetName=NetU16_2 Pin=U16-2
Added Pin To Net: NetName=NetU16_2 Pin=U17-4
Added Net: Name=NetU16_2
Added Pin To Net: NetName=NetU17_2 Pin=U17-2
Added Pin To Net: NetName=NetU17_2 Pin=U18-4
Added Net: Name=NetU17_2
Added Pin To Net: NetName=NetU18_2 Pin=U18-2
Added Pin To Net: NetName=NetU18_2 Pin=U19-4
Added Net: Name=NetU18_2
Added Pin To Net: NetName=NetU19_2 Pin=U19-2
Added Pin To Net: NetName=NetU19_2 Pin=U20-4
Added Net: Name=NetU19_2
Added Class: Name=digital led panel
